Started by upstream project "[8mha:////4GGR6P/Drl7xewLcW/Y3VmydUKzDnNh3deIJaCgLYuAlAAAAmR+LCAAAAAAAAP9b85aBtbiIQTGjNKU4P08vOT+vOD8nVc83PyU1x6OyILUoJzMv2y+/JJUBAhiZGBgqihhk0NSjKDWzXb3RdlLBUSYGJk8GtpzUvPSSDB8G5tKinBIGIZ+sxLJE/ZzEvHT94JKizLx0a6BxUmjGOUNodHsLgAzOEgZ+/az8JP2k0sycFF0QCwD7euPWxAAAAA==[0mbuild-job" build number [8mha:////4PblAZW5dx0fcd7WJrsOM+CprpV9Wd8/GVYUXGHLx+lMAAAAmR+LCAAAAAAAAP9b85aBtbiIQTGjNKU4P08vOT+vOD8nVc83PyU1x6OyILUoJzMv2y+/JJUBAhiZGBgqihhk0NSjKDWzXb3RdlLBUSYGJk8GtpzUvPSSDB8G5tKinBIGIZ+sxLJE/ZzEvHT94JKizLx0a6BxUmjGOUNodHsLQIwSBgH9rPwk/aTSzJwUXRDLEABDW23lxQAAAA==[0m1
originally caused by:
 Started by user [8mha:////4MshOPe+BNh86wgY5raMtuAuv12BbMgmbg5bMBp1G0QkAAAAlx+LCAAAAAAAAP9b85aBtbiIQTGjNKU4P08vOT+vOD8nVc83PyU1x6OyILUoJzMv2y+/JJUBAhiZGBgqihhk0NSjKDWzXb3RdlLBUSYGJk8GtpzUvPSSDB8G5tKinBIGIZ+sxLJE/ZzEvHT94JKizLx0a6BxUmjGOUNodHsLgAzWEgZu/dLi1CL9xJTczDwAj6GcLcAAAAA=[0madmin
Running as SYSTEM
Building on the built-in node in workspace /var/lib/jenkins/workspace/deploy-job
The recommended git tool is: NONE
No credentials specified
Cloning the remote Git repository
Cloning repository https://github.com/rgguruprakash/hello-world-war.git
 > git init /var/lib/jenkins/workspace/deploy-job # timeout=10
Fetching upstream changes from https://github.com/rgguruprakash/hello-world-war.git
 > git --version # timeout=10
 > git --version # 'git version 2.27.0'
 > git fetch --tags --force --progress -- https://github.com/rgguruprakash/hello-world-war.git +refs/heads/*:refs/remotes/origin/* # timeout=10
 > git config remote.origin.url https://github.com/rgguruprakash/hello-world-war.git # timeout=10
 > git config --add remote.origin.fetch +refs/heads/*:refs/remotes/origin/* # timeout=10
Avoid second fetch
 > git rev-parse refs/remotes/origin/master^{commit} # timeout=10
Checking out Revision 157ee76ce127d16ae7e5b4d811b08f3df9871a37 (refs/remotes/origin/master)
 > git config core.sparsecheckout # timeout=10
 > git checkout -f 157ee76ce127d16ae7e5b4d811b08f3df9871a37 # timeout=10
Commit message: "Merge branch 'master' of github.com:efsavage/hello-world-war"
First time build. Skipping changelog.
[deploy-job] $ /var/lib/jenkins/tools/hudson.tasks.Maven_MavenInstallation/maven-latest/bin/mvn clean install
[INFO] Scanning for projects...
[INFO] 
[INFO] --------------------< com.efsavage:hello-world-war >--------------------
[INFO] Building Hello World Web Application Repository 1.0.0
[INFO] --------------------------------[ war ]---------------------------------
[INFO] 
[8mha:////4IeL8WK610hzb8K6wKXzIsDR65+TZo36lFg9GYFECFwjAAAAYB+LCAAAAAAAAP9b85aBtbiIQSmjNKU4P0+vJLE4u1gvPjexLDVPzxdEGvvmZ+X75Zek2mxOX+vh68DGxMBQUcQgBdWQnJ9XnJ+TqucMoUEKGSCAEaSwAAAn9LoiYAAAAA==[0m[INFO] --- maven-clean-plugin:2.5:clean (default-clean) @ hello-world-war ---
[INFO] 
[8mha:////4IeL8WK610hzb8K6wKXzIsDR65+TZo36lFg9GYFECFwjAAAAYB+LCAAAAAAAAP9b85aBtbiIQSmjNKU4P0+vJLE4u1gvPjexLDVPzxdEGvvmZ+X75Zek2mxOX+vh68DGxMBQUcQgBdWQnJ9XnJ+TqucMoUEKGSCAEaSwAAAn9LoiYAAAAA==[0m[INFO] --- maven-resources-plugin:2.6:resources (default-resources) @ hello-world-war ---
[8mha:////4CyMsseWwb/VXqYwkJjMED9mOViD/bEKfcLr5iSxT7tKAAAAYh+LCAAAAAAAAP9b85aBtbiIQSWjNKU4P0+vJLE4u1gvPjexLDVPzxdEhicW5WXmpfvll6SeOJwgmrt9CSsTA0NFEYMUVEtyfl5xfk6qnjOEBilkgABGkMICAEQzmI1iAAAA[0m[WARNING] Using platform encoding (UTF-8 actually) to copy filtered resources, i.e. build is platform dependent!
[INFO] skip non existing resourceDirectory /var/lib/jenkins/workspace/deploy-job/src/main/resources
[INFO] 
[8mha:////4IeL8WK610hzb8K6wKXzIsDR65+TZo36lFg9GYFECFwjAAAAYB+LCAAAAAAAAP9b85aBtbiIQSmjNKU4P0+vJLE4u1gvPjexLDVPzxdEGvvmZ+X75Zek2mxOX+vh68DGxMBQUcQgBdWQnJ9XnJ+TqucMoUEKGSCAEaSwAAAn9LoiYAAAAA==[0m[INFO] --- maven-compiler-plugin:3.1:compile (default-compile) @ hello-world-war ---
[INFO] No sources to compile
[INFO] 
[8mha:////4IeL8WK610hzb8K6wKXzIsDR65+TZo36lFg9GYFECFwjAAAAYB+LCAAAAAAAAP9b85aBtbiIQSmjNKU4P0+vJLE4u1gvPjexLDVPzxdEGvvmZ+X75Zek2mxOX+vh68DGxMBQUcQgBdWQnJ9XnJ+TqucMoUEKGSCAEaSwAAAn9LoiYAAAAA==[0m[INFO] --- maven-resources-plugin:2.6:testResources (default-testResources) @ hello-world-war ---
[8mha:////4CyMsseWwb/VXqYwkJjMED9mOViD/bEKfcLr5iSxT7tKAAAAYh+LCAAAAAAAAP9b85aBtbiIQSWjNKU4P0+vJLE4u1gvPjexLDVPzxdEhicW5WXmpfvll6SeOJwgmrt9CSsTA0NFEYMUVEtyfl5xfk6qnjOEBilkgABGkMICAEQzmI1iAAAA[0m[WARNING] Using platform encoding (UTF-8 actually) to copy filtered resources, i.e. build is platform dependent!
[INFO] skip non existing resourceDirectory /var/lib/jenkins/workspace/deploy-job/src/test/resources
[INFO] 
[8mha:////4IeL8WK610hzb8K6wKXzIsDR65+TZo36lFg9GYFECFwjAAAAYB+LCAAAAAAAAP9b85aBtbiIQSmjNKU4P0+vJLE4u1gvPjexLDVPzxdEGvvmZ+X75Zek2mxOX+vh68DGxMBQUcQgBdWQnJ9XnJ+TqucMoUEKGSCAEaSwAAAn9LoiYAAAAA==[0m[INFO] --- maven-compiler-plugin:3.1:testCompile (default-testCompile) @ hello-world-war ---
[INFO] No sources to compile
[INFO] 
[8mha:////4IeL8WK610hzb8K6wKXzIsDR65+TZo36lFg9GYFECFwjAAAAYB+LCAAAAAAAAP9b85aBtbiIQSmjNKU4P0+vJLE4u1gvPjexLDVPzxdEGvvmZ+X75Zek2mxOX+vh68DGxMBQUcQgBdWQnJ9XnJ+TqucMoUEKGSCAEaSwAAAn9LoiYAAAAA==[0m[INFO] --- maven-surefire-plugin:2.12.4:test (default-test) @ hello-world-war ---
[INFO] No tests to run.
[INFO] 
[8mha:////4IeL8WK610hzb8K6wKXzIsDR65+TZo36lFg9GYFECFwjAAAAYB+LCAAAAAAAAP9b85aBtbiIQSmjNKU4P0+vJLE4u1gvPjexLDVPzxdEGvvmZ+X75Zek2mxOX+vh68DGxMBQUcQgBdWQnJ9XnJ+TqucMoUEKGSCAEaSwAAAn9LoiYAAAAA==[0m[INFO] --- maven-war-plugin:2.1.1:war (default-war) @ hello-world-war ---
WARNING: An illegal reflective access operation has occurred
WARNING: Illegal reflective access by com.thoughtworks.xstream.core.util.Fields (file:/var/lib/jenkins/.m2/repository/com/thoughtworks/xstream/xstream/1.3.1/xstream-1.3.1.jar) to field java.util.Properties.defaults
WARNING: Please consider reporting this to the maintainers of com.thoughtworks.xstream.core.util.Fields
WARNING: Use --illegal-access=warn to enable warnings of further illegal reflective access operations
WARNING: All illegal access operations will be denied in a future release
[INFO] Packaging webapp
[INFO] Assembling webapp [hello-world-war] in [/var/lib/jenkins/workspace/deploy-job/target/hello-world-war-1.0.0]
[INFO] Processing war project
[INFO] Copying webapp resources [/var/lib/jenkins/workspace/deploy-job/src/main/webapp]
[INFO] Webapp assembled in [44 msecs]
[INFO] Building war: /var/lib/jenkins/workspace/deploy-job/target/hello-world-war-1.0.0.war
[INFO] WEB-INF/web.xml already added, skipping
[INFO] 
[8mha:////4IeL8WK610hzb8K6wKXzIsDR65+TZo36lFg9GYFECFwjAAAAYB+LCAAAAAAAAP9b85aBtbiIQSmjNKU4P0+vJLE4u1gvPjexLDVPzxdEGvvmZ+X75Zek2mxOX+vh68DGxMBQUcQgBdWQnJ9XnJ+TqucMoUEKGSCAEaSwAAAn9LoiYAAAAA==[0m[INFO] --- maven-install-plugin:2.4:install (default-install) @ hello-world-war ---
[INFO] Installing /var/lib/jenkins/workspace/deploy-job/target/hello-world-war-1.0.0.war to /var/lib/jenkins/.m2/repository/com/efsavage/hello-world-war/1.0.0/hello-world-war-1.0.0.war
[INFO] Installing /var/lib/jenkins/workspace/deploy-job/pom.xml to /var/lib/jenkins/.m2/repository/com/efsavage/hello-world-war/1.0.0/hello-world-war-1.0.0.pom
[INFO] ------------------------------------------------------------------------
[INFO] BUILD SUCCESS
[INFO] ------------------------------------------------------------------------
[INFO] Total time:  4.766 s
[INFO] Finished at: 2022-04-17T17:20:49Z
[INFO] ------------------------------------------------------------------------
ERROR: Step â€˜Deploy war/ear to a containerâ€™ aborted due to exception: 
java.lang.InterruptedException: [DeployPublisher][WARN] No wars found. Deploy aborted. %n
	at hudson.plugins.deploy.DeployPublisher.perform(DeployPublisher.java:107)
	at jenkins.tasks.SimpleBuildStep.perform(SimpleBuildStep.java:123)
	at hudson.tasks.BuildStepCompatibilityLayer.perform(BuildStepCompatibilityLayer.java:79)
	at hudson.tasks.BuildStepMonitor$3.perform(BuildStepMonitor.java:47)
	at hudson.model.AbstractBuild$AbstractBuildExecution.perform(AbstractBuild.java:814)
	at hudson.model.AbstractBuild$AbstractBuildExecution.performAllBuildSteps(AbstractBuild.java:763)
	at hudson.model.Build$BuildExecution.post2(Build.java:179)
	at hudson.model.AbstractBuild$AbstractBuildExecution.post(AbstractBuild.java:707)
	at hudson.model.Run.execute(Run.java:1921)
	at hudson.model.FreeStyleBuild.run(FreeStyleBuild.java:44)
	at hudson.model.ResourceController.execute(ResourceController.java:101)
	at hudson.model.Executor.run(Executor.java:442)
Finished: FAILURE
